#
# There is insufficient memory for the Java Runtime Environment to continue.
# Native memory allocation (malloc) failed to allocate 506096 bytes for Chunk::new
# Possible reasons:
#   The system is out of physical RAM or swap space
#   The process is running with CompressedOops enabled, and the Java Heap may be blocking the growth of the native heap
# Possible solutions:
#   Reduce memory load on the system
#   Increase physical memory or swap space
#   Check if swap backing store is full
#   Decrease Java heap size (-Xmx/-Xms)
#   Decrease number of Java threads
#   Decrease Java thread stack sizes (-Xss)
#   Set larger code cache with -XX:ReservedCodeCacheSize=
#   JVM is running with Unscaled Compressed Oops mode in which the Java heap is
#     placed in the first 4GB address space. The Java Heap base address is the
#     maximum limit for the native heap growth. Please use -XX:HeapBaseMinAddress
#     to set the Java Heap base and to place the Java Heap above 4GB virtual address.
# This output file may be truncated or incomplete.
#
#  Out of Memory Error (t:/workspace/open/src/hotspot/share/memory/arena.cpp:197), pid=43152, tid=58884
#
# JRE version: Java(TM) SE Runtime Environment (12.0.1+12) (build 12.0.1+12)
# Java VM: Java HotSpot(TM) 64-Bit Server VM (12.0.1+12, mixed mode, sharing, tiered, compressed oops, g1 gc, windows-amd64)
# No core dump will be written. Minidumps are not enabled by default on client versions of Windows
#

---------------  S U M M A R Y ------------

Command Line: -Dfile.encoding=UTF-8 com.cognizant.RecycleManagementSystemApplication

Host: Intel(R) Core(TM) i5-8250U CPU @ 1.60GHz, 8 cores, 7G,  Windows 10 , 64 bit Build 18362 (10.0.18362.959)
Time: Thu Oct 29 13:30:26 2020 India Standard Time elapsed time: 4564 seconds (0d 1h 16m 4s)

---------------  T H R E A D  ---------------

Current thread (0x000002746965d000):  JavaThread "C2 CompilerThread0" daemon [_thread_in_native, id=58884, stack(0x000000dbc1400000,0x000000dbc1500000)]


Current CompileTask:
C2:4564771 10010   !   4       java.util.concurrent.ThreadPoolExecutor::getTask (177 bytes)

Stack: [0x000000dbc1400000,0x000000dbc1500000]
Native frames: (J=compiled Java code, j=interpreted, Vv=VM code, C=native code)
V  [jvm.dll+0x63948a]
V  [jvm.dll+0x78b31f]
V  [jvm.dll+0x78c9c1]
V  [jvm.dll+0x78d013]
V  [jvm.dll+0x262138]
V  [jvm.dll+0xc582c]
V  [jvm.dll+0xc5dac]
V  [jvm.dll+0x2d3854]
V  [jvm.dll+0x55596d]
V  [jvm.dll+0x21dba7]
V  [jvm.dll+0x21b0e6]
V  [jvm.dll+0x199890]
V  [jvm.dll+0x22a534]
V  [jvm.dll+0x228b88]
V  [jvm.dll+0x74f660]
V  [jvm.dll+0x748648]
V  [jvm.dll+0x638566]
C  [ucrtbase.dll+0x20e82]
C  [KERNEL32.DLL+0x17bd4]
C  [ntdll.dll+0x6ce51]


---------------  P R O C E S S  ---------------

Threads class SMR info:
_java_thread_list=0x000002746cebfda0, length=35, elements={
0x0000027469640800, 0x0000027469642000, 0x0000027469659000, 0x000002746965a000,
0x000002746965d000, 0x0000027469661800, 0x0000027469670000, 0x000002746a118000,
0x000002746a12f000, 0x000002746d075800, 0x000002746f205800, 0x000002746e985000,
0x000002746e97f800, 0x000002746e980000, 0x000002746e982800, 0x000002746e983800,
0x000002746e984000, 0x000002746e97d800, 0x000002746e987800, 0x000002746e988800,
0x000002746e986800, 0x000002746e986000, 0x000002746e989000, 0x000002746e98b800,
0x000002746e98a800, 0x000002746e98c800, 0x000002746a35c800, 0x000002746a35b800,
0x000002746a360800, 0x000002746a361800, 0x000002746a35e000, 0x000002746a362800,
0x000002746a363000, 0x000002746a35d800, 0x000002746a364000
}

Java Threads: ( => current thread )
  0x0000027469640800 JavaThread "Reference Handler" daemon [_thread_blocked, id=51372, stack(0x000000dbc1000000,0x000000dbc1100000)]
  0x0000027469642000 JavaThread "Finalizer" daemon [_thread_blocked, id=52092, stack(0x000000dbc1100000,0x000000dbc1200000)]
  0x0000027469659000 JavaThread "Signal Dispatcher" daemon [_thread_blocked, id=39368, stack(0x000000dbc1200000,0x000000dbc1300000)]
  0x000002746965a000 JavaThread "Attach Listener" daemon [_thread_blocked, id=56348, stack(0x000000dbc1300000,0x000000dbc1400000)]
=>0x000002746965d000 JavaThread "C2 CompilerThread0" daemon [_thread_in_native, id=58884, stack(0x000000dbc1400000,0x000000dbc1500000)]
  0x0000027469661800 JavaThread "C1 CompilerThread0" daemon [_thread_blocked, id=41344, stack(0x000000dbc1500000,0x000000dbc1600000)]
  0x0000027469670000 JavaThread "Sweeper thread" daemon [_thread_blocked, id=56780, stack(0x000000dbc1600000,0x000000dbc1700000)]
  0x000002746a118000 JavaThread "Service Thread" daemon [_thread_blocked, id=34220, stack(0x000000dbc1700000,0x000000dbc1800000)]
  0x000002746a12f000 JavaThread "Common-Cleaner" daemon [_thread_blocked, id=51024, stack(0x000000dbc1900000,0x000000dbc1a00000)]
  0x000002746d075800 JavaThread "mysql-cj-abandoned-connection-cleanup" daemon [_thread_blocked, id=43396, stack(0x000000dbc2800000,0x000000dbc2900000)]
  0x000002746f205800 JavaThread "Live Reload Server" daemon [_thread_in_native, id=56748, stack(0x000000dbc2e00000,0x000000dbc2f00000)]
  0x000002746e985000 JavaThread "DestroyJavaVM" [_thread_blocked, id=49892, stack(0x000000dbc0900000,0x000000dbc0a00000)]
  0x000002746e97f800 JavaThread "File Watcher" daemon [_thread_in_native, id=39400, stack(0x000000dbc0800000,0x000000dbc0900000)]
  0x000002746e980000 JavaThread "File Watcher" daemon [_thread_in_native, id=56972, stack(0x000000dbc0700000,0x000000dbc0800000)]
  0x000002746e982800 JavaThread "File Watcher" daemon [_thread_in_native, id=38572, stack(0x000000dbc1a00000,0x000000dbc1b00000)]
  0x000002746e983800 JavaThread "File Watcher" daemon [_thread_in_native, id=55892, stack(0x000000dbc1c00000,0x000000dbc1d00000)]
  0x000002746e984000 JavaThread "File Watcher" daemon [_thread_in_native, id=38764, stack(0x000000dbc2200000,0x000000dbc2300000)]
  0x000002746e97d800 JavaThread "Catalina-utility-1" [_thread_blocked, id=51872, stack(0x000000dbc2b00000,0x000000dbc2c00000)]
  0x000002746e987800 JavaThread "Catalina-utility-2" [_thread_blocked, id=55732, stack(0x000000dbc2c00000,0x000000dbc2d00000)]
  0x000002746e988800 JavaThread "container-5" [_thread_blocked, id=48820, stack(0x000000dbc2d00000,0x000000dbc2e00000)]
  0x000002746e986800 JavaThread "HikariPool-6 housekeeper" daemon [_thread_blocked, id=34040, stack(0x000000dbc2f00000,0x000000dbc3000000)]
  0x000002746e986000 JavaThread "File Watcher" daemon [_thread_blocked, id=42064, stack(0x000000dbc3000000,0x000000dbc3100000)]
  0x000002746e989000 JavaThread "http-nio-8080-BlockPoller" daemon [_thread_in_native, id=46036, stack(0x000000dbc3100000,0x000000dbc3200000)]
  0x000002746e98b800 JavaThread "http-nio-8080-exec-1" daemon [_thread_blocked, id=48632, stack(0x000000dbc3200000,0x000000dbc3300000)]
  0x000002746e98a800 JavaThread "http-nio-8080-exec-2" daemon [_thread_blocked, id=57864, stack(0x000000dbc3300000,0x000000dbc3400000)]
  0x000002746e98c800 JavaThread "http-nio-8080-exec-3" daemon [_thread_blocked, id=50904, stack(0x000000dbc3400000,0x000000dbc3500000)]
  0x000002746a35c800 JavaThread "http-nio-8080-exec-4" daemon [_thread_blocked, id=50480, stack(0x000000dbc3500000,0x000000dbc3600000)]
  0x000002746a35b800 JavaThread "http-nio-8080-exec-5" daemon [_thread_blocked, id=45292, stack(0x000000dbc3600000,0x000000dbc3700000)]
  0x000002746a360800 JavaThread "http-nio-8080-exec-6" daemon [_thread_blocked, id=57016, stack(0x000000dbc3700000,0x000000dbc3800000)]
  0x000002746a361800 JavaThread "http-nio-8080-exec-7" daemon [_thread_blocked, id=48560, stack(0x000000dbc3800000,0x000000dbc3900000)]
  0x000002746a35e000 JavaThread "http-nio-8080-exec-8" daemon [_thread_blocked, id=52548, stack(0x000000dbc3900000,0x000000dbc3a00000)]
  0x000002746a362800 JavaThread "http-nio-8080-exec-9" daemon [_thread_blocked, id=24236, stack(0x000000dbc3a00000,0x000000dbc3b00000)]
  0x000002746a363000 JavaThread "http-nio-8080-exec-10" daemon [_thread_blocked, id=39052, stack(0x000000dbc3b00000,0x000000dbc3c00000)]
  0x000002746a35d800 JavaThread "http-nio-8080-ClientPoller" daemon [_thread_in_native, id=53156, stack(0x000000dbc3c00000,0x000000dbc3d00000)]
  0x000002746a364000 JavaThread "http-nio-8080-Acceptor" daemon [_thread_in_native, id=27440, stack(0x000000dbc3d00000,0x000000dbc3e00000)]

Other Threads:
  0x000002746963b000 VMThread "VM Thread" [stack: 0x000000dbc0f00000,0x000000dbc1000000] [id=56012]
  0x000002746a122800 WatcherThread [stack: 0x000000dbc1800000,0x000000dbc1900000] [id=45952]
  0x0000027448a4f800 GCTaskThread "GC Thread#0" [stack: 0x000000dbc0a00000,0x000000dbc0b00000] [id=49312]
  0x000002746ab9a800 GCTaskThread "GC Thread#1" [stack: 0x000000dbc1d00000,0x000000dbc1e00000] [id=23992]
  0x000002746ab9b000 GCTaskThread "GC Thread#2" [stack: 0x000000dbc1e00000,0x000000dbc1f00000] [id=55588]
  0x000002746ade1800 GCTaskThread "GC Thread#3" [stack: 0x000000dbc1f00000,0x000000dbc2000000] [id=47508]
  0x000002746ade2000 GCTaskThread "GC Thread#4" [stack: 0x000000dbc2000000,0x000000dbc2100000] [id=58532]
  0x000002746ad8e000 GCTaskThread "GC Thread#5" [stack: 0x000000dbc2100000,0x000000dbc2200000] [id=46392]
  0x000002746af22800 GCTaskThread "GC Thread#6" [stack: 0x000000dbc2300000,0x000000dbc2400000] [id=56112]
  0x000002746b0b3800 GCTaskThread "GC Thread#7" [stack: 0x000000dbc2400000,0x000000dbc2500000] [id=57240]
  0x0000027448a5e800 ConcurrentGCThread "G1 Main Marker" [stack: 0x000000dbc0b00000,0x000000dbc0c00000] [id=34720]
  0x0000027448a62000 ConcurrentGCThread "G1 Conc#0" [stack: 0x000000dbc0c00000,0x000000dbc0d00000] [id=38276]
  0x000002746b9e9000 ConcurrentGCThread "G1 Conc#1" [stack: 0x000000dbc2500000,0x000000dbc2600000] [id=57396]
  0x0000027448ade000 ConcurrentGCThread "G1 Refine#0" [stack: 0x000000dbc0d00000,0x000000dbc0e00000] [id=56696]
  0x00000274694b6800 ConcurrentGCThread "G1 Young RemSet Sampling" [stack: 0x000000dbc0e00000,0x000000dbc0f00000] [id=58204]

Threads with active compile tasks:
C2 CompilerThread0  10010   !   4       java.util.concurrent.ThreadPoolExecutor::getTask (177 bytes)

VM state:not at safepoint (normal execution)

VM Mutex/Monitor currently owned by a thread: None

Heap address: 0x0000000081c00000, size: 2020 MB, Compressed Oops mode: 32-bit
Narrow klass base: 0x0000000800000000, Narrow klass shift: 3
Compressed class space size: 1073741824 Address: 0x00000008011a0000

Heap:
 garbage-first heap   total 51200K, used 24433K [0x0000000081c00000, 0x0000000100000000)
  region size 1024K, 5 young (5120K), 1 survivors (1024K)
 Metaspace       used 53854K, capacity 55269K, committed 57168K, reserved 1099776K
  class space    used 5886K, capacity 6428K, committed 6912K, reserved 1048576K
Heap Regions: E=young(eden), S=young(survivor), O=old, HS=humongous(starts), HC=humongous(continues), CS=collection set, F=free, A=archive, TAMS=top-at-mark-start (previous, next)
|   0|0x0000000081c00000, 0x0000000081d00000, 0x0000000081d00000|100%| O|  |TAMS 0x0000000081d00000, 0x0000000081c00000| Untracked 
|   1|0x0000000081d00000, 0x0000000081dffff8, 0x0000000081e00000| 99%| O|  |TAMS 0x0000000081dffff8, 0x0000000081d00000| Untracked 
|   2|0x0000000081e00000, 0x0000000081effff8, 0x0000000081f00000| 99%| O|  |TAMS 0x0000000081effff8, 0x0000000081e00000| Untracked 
|   3|0x0000000081f00000, 0x0000000081ffa440, 0x0000000082000000| 97%| O|  |TAMS 0x0000000081ffa440, 0x0000000081f00000| Untracked 
|   4|0x0000000082000000, 0x0000000082100000, 0x0000000082100000|100%| O|  |TAMS 0x0000000082100000, 0x0000000082000000| Untracked 
|   5|0x0000000082100000, 0x00000000821ffff0, 0x0000000082200000| 99%| O|  |TAMS 0x00000000821ffff0, 0x0000000082100000| Untracked 
|   6|0x0000000082200000, 0x00000000822ffff0, 0x0000000082300000| 99%| O|  |TAMS 0x00000000822ffff0, 0x0000000082200000| Untracked 
|   7|0x0000000082300000, 0x0000000082400000, 0x0000000082400000|100%| O|  |TAMS 0x0000000082400000, 0x0000000082300000| Untracked 
|   8|0x0000000082400000, 0x00000000824fffb8, 0x0000000082500000| 99%| O|  |TAMS 0x00000000824fffb8, 0x0000000082400000| Untracked 
|   9|0x0000000082500000, 0x00000000825ffff8, 0x0000000082600000| 99%| O|  |TAMS 0x00000000825ffff8, 0x0000000082500000| Untracked 
|  10|0x0000000082600000, 0x00000000826fffe8, 0x0000000082700000| 99%| O|  |TAMS 0x00000000826fffe8, 0x0000000082600000| Untracked 
|  11|0x0000000082700000, 0x00000000827ff5e8, 0x0000000082800000| 99%| O|  |TAMS 0x00000000827ff5e8, 0x0000000082700000| Untracked 
|  12|0x0000000082800000, 0x00000000828fe458, 0x0000000082900000| 99%| O|  |TAMS 0x00000000828fe458, 0x0000000082800000| Untracked 
|  13|0x0000000082900000, 0x0000000082a00000, 0x0000000082a00000|100%| O|  |TAMS 0x0000000082a00000, 0x0000000082900000| Untracked 
|  14|0x0000000082a00000, 0x0000000082afffb8, 0x0000000082b00000| 99%| O|  |TAMS 0x0000000082afffb8, 0x0000000082a00000| Untracked 
|  15|0x0000000082b00000, 0x0000000082bff488, 0x0000000082c00000| 99%| O|  |TAMS 0x0000000082bff488, 0x0000000082b00000| Untracked 
|  16|0x0000000082c00000, 0x0000000082cffce0, 0x0000000082d00000| 99%| O|  |TAMS 0x0000000082cffce0, 0x0000000082c00000| Untracked 
|  17|0x0000000082d00000, 0x0000000082d00000, 0x0000000082e00000|  0%| F|  |TAMS 0x0000000082d00000, 0x0000000082d00000| Untracked 
|  18|0x0000000082e00000, 0x0000000082e5e000, 0x0000000082f00000| 36%| O|  |TAMS 0x0000000082e00000, 0x0000000082e00000| Untracked 
|  19|0x0000000082f00000, 0x0000000083000000, 0x0000000083000000|100%| O|  |TAMS 0x0000000083000000, 0x0000000082f00000| Untracked 
|  20|0x0000000083000000, 0x0000000083000000, 0x0000000083100000|  0%| F|  |TAMS 0x0000000083000000, 0x0000000083000000| Untracked 
|  21|0x0000000083100000, 0x0000000083200000, 0x0000000083200000|100%| O|  |TAMS 0x0000000083200000, 0x0000000083100000| Untracked 
|  22|0x0000000083200000, 0x0000000083200000, 0x0000000083300000|  0%| F|  |TAMS 0x0000000083200000, 0x0000000083200000| Untracked 
|  23|0x0000000083300000, 0x0000000083400000, 0x0000000083400000|100%| O|  |TAMS 0x00000000833afa00, 0x0000000083300000| Untracked 
|  24|0x0000000083400000, 0x0000000083400000, 0x0000000083500000|  0%| F|  |TAMS 0x0000000083400000, 0x0000000083400000| Untracked 
|  25|0x0000000083500000, 0x0000000083500000, 0x0000000083600000|  0%| F|  |TAMS 0x0000000083500000, 0x0000000083500000| Untracked 
|  26|0x0000000083600000, 0x0000000083600000, 0x0000000083700000|  0%| F|  |TAMS 0x0000000083600000, 0x0000000083600000| Untracked 
|  27|0x0000000083700000, 0x0000000083700000, 0x0000000083800000|  0%| F|  |TAMS 0x0000000083700000, 0x0000000083700000| Untracked 
|  28|0x0000000083800000, 0x0000000083800000, 0x0000000083900000|  0%| F|  |TAMS 0x0000000083800000, 0x0000000083800000| Untracked 
|  29|0x0000000083900000, 0x0000000083987640, 0x0000000083a00000| 52%| S|CS|TAMS 0x0000000083900000, 0x0000000083900000| Complete 
|  30|0x0000000083a00000, 0x0000000083a00000, 0x0000000083b00000|  0%| F|  |TAMS 0x0000000083a00000, 0x0000000083a00000| Untracked 
|  31|0x0000000083b00000, 0x0000000083b00000, 0x0000000083c00000|  0%| F|  |TAMS 0x0000000083b00000, 0x0000000083b00000| Untracked 
|  32|0x0000000083c00000, 0x0000000083c00000, 0x0000000083d00000|  0%| F|  |TAMS 0x0000000083c00000, 0x0000000083c00000| Untracked 
|  33|0x0000000083d00000, 0x0000000083d00000, 0x0000000083e00000|  0%| F|  |TAMS 0x0000000083d00000, 0x0000000083d00000| Untracked 
|  34|0x0000000083e00000, 0x0000000083e00000, 0x0000000083f00000|  0%| F|  |TAMS 0x0000000083e00000, 0x0000000083e00000| Untracked 
|  35|0x0000000083f00000, 0x0000000083f00000, 0x0000000084000000|  0%| F|  |TAMS 0x0000000083f00000, 0x0000000083f00000| Untracked 
|  36|0x0000000084000000, 0x0000000084000000, 0x0000000084100000|  0%| F|  |TAMS 0x0000000084000000, 0x0000000084000000| Untracked 
|  37|0x0000000084100000, 0x0000000084100000, 0x0000000084200000|  0%| F|  |TAMS 0x0000000084100000, 0x0000000084100000| Untracked 
|  38|0x0000000084200000, 0x0000000084200000, 0x0000000084300000|  0%| F|  |TAMS 0x0000000084200000, 0x0000000084200000| Untracked 
|  39|0x0000000084300000, 0x0000000084300000, 0x0000000084400000|  0%| F|  |TAMS 0x0000000084300000, 0x0000000084300000| Untracked 
|  40|0x0000000084400000, 0x0000000084400000, 0x0000000084500000|  0%| F|  |TAMS 0x0000000084400000, 0x0000000084400000| Untracked 
|  41|0x0000000084500000, 0x0000000084500000, 0x0000000084600000|  0%| F|  |TAMS 0x0000000084500000, 0x0000000084500000| Untracked 
|  42|0x0000000084600000, 0x0000000084600000, 0x0000000084700000|  0%| F|  |TAMS 0x0000000084600000, 0x0000000084600000| Untracked 
|  43|0x0000000084700000, 0x0000000084700000, 0x0000000084800000|  0%| F|  |TAMS 0x0000000084700000, 0x0000000084700000| Untracked 
|  97|0x0000000087d00000, 0x0000000087d00000, 0x0000000087e00000|  0%| F|  |TAMS 0x0000000087d00000, 0x0000000087d00000| Untracked 
|  98|0x0000000087e00000, 0x0000000087e00000, 0x0000000087f00000|  0%| F|  |TAMS 0x0000000087e00000, 0x0000000087e00000| Untracked 
|  99|0x0000000087f00000, 0x0000000087fd2328, 0x0000000088000000| 82%| E|  |TAMS 0x0000000087f00000, 0x0000000087f00000| Complete 
| 100|0x0000000088000000, 0x0000000088100000, 0x0000000088100000|100%| E|CS|TAMS 0x0000000088000000, 0x0000000088000000| Complete 
| 101|0x0000000088100000, 0x0000000088200000, 0x0000000088200000|100%| E|CS|TAMS 0x0000000088100000, 0x0000000088100000| Complete 
| 127|0x0000000089b00000, 0x0000000089c00000, 0x0000000089c00000|100%| E|CS|TAMS 0x0000000089b00000, 0x0000000089b00000| Complete 

Card table byte_map: [0x0000027462450000,0x0000027462850000] _byte_map_base: 0x0000027462042000

Marking Bits (Prev, Next): (CMBitMap*) 0x0000027448a519e8, (CMBitMap*) 0x0000027448a519a8
 Prev Bits: [0x0000027464be0000, 0x0000027466b70000)
 Next Bits: [0x0000027462c50000, 0x0000027464be0000)

Polling page: 0x0000027448ae0000

Metaspace:

Usage:
  Non-class:     47.70 MB capacity,    46.84 MB ( 98%) used,   705.38 KB (  1%) free+waste,   167.31 KB ( <1%) overhead. 
      Class:      6.28 MB capacity,     5.75 MB ( 92%) used,   469.36 KB (  7%) free+waste,    72.19 KB (  1%) overhead. 
       Both:     53.97 MB capacity,    52.59 MB ( 97%) used,     1.15 MB (  2%) free+waste,   239.50 KB ( <1%) overhead. 

Virtual space:
  Non-class space:       50.00 MB reserved,      49.08 MB ( 98%) committed 
      Class space:        1.00 GB reserved,       6.75 MB ( <1%) committed 
             Both:        1.05 GB reserved,      55.83 MB (  5%) committed 

Chunk freelists:
   Non-Class:  160.88 KB
       Class:  60.50 KB
        Both:  221.38 KB

CodeHeap 'non-profiled nmethods': size=120000Kb used=7520Kb max_used=7520Kb free=112479Kb
 bounds [0x000002745a0c0000, 0x000002745a820000, 0x00000274615f0000]
CodeHeap 'profiled nmethods': size=120000Kb used=20771Kb max_used=20771Kb free=99228Kb
 bounds [0x0000027452b90000, 0x0000027454000000, 0x000002745a0c0000]
CodeHeap 'non-nmethods': size=5760Kb used=1234Kb max_used=1299Kb free=4525Kb
 bounds [0x00000274525f0000, 0x0000027452860000, 0x0000027452b90000]
 total_blobs=13290 nmethods=8347 adapters=502
 compilation: enabled
              stopped_count=0, restarted_count=0
 full_count=0

Compilation events (10 events):
Event: 3964.664 Thread 0x0000027469661800 nmethod 10002 0x000002745a818c10 code [0x000002745a818dc0, 0x000002745a818ef8]
Event: 4185.369 Thread 0x0000027469661800 10003   !   3       org.apache.catalina.core.StandardContext::backgroundProcess (203 bytes)
Event: 4222.797 Thread 0x000002746965d000 10006       4       java.util.concurrent.ThreadPoolExecutor$Worker::unlock (7 bytes)
Event: 4522.148 Thread 0x0000027469661800 nmethod 10003 0x0000027453fee290 code [0x0000027453fee680, 0x0000027453ff0550]
Event: 4522.209 Thread 0x0000027469661800 10009       3       org.apache.catalina.webresources.Cache$EvictionOrder::<init> (5 bytes)
Event: 4522.531 Thread 0x0000027469661800 nmethod 10009 0x0000027453ff0f10 code [0x0000027453ff10e0, 0x0000027453ff1318]
Event: 4522.531 Thread 0x0000027469661800 10004   !   3       org.apache.catalina.loader.WebappLoader::backgroundProcess (126 bytes)
Event: 4522.637 Thread 0x000002746965d000 nmethod 10006 0x000002745a818f90 code [0x000002745a819140, 0x000002745a8192e8]
Event: 4522.778 Thread 0x000002746965d000 10010   !   4       java.util.concurrent.ThreadPoolExecutor::getTask (177 bytes)
Event: 4524.351 Thread 0x0000027469661800 nmethod 10004 0x0000027453ff1410 code [0x0000027453ff1740, 0x0000027453ff2d30]

GC Heap History (10 events):
Event: 3723.308 GC heap before
{Heap before GC invocations=136 (full 5):
 garbage-first heap   total 51200K, used 42890K [0x0000000081c00000, 0x0000000100000000)
  region size 1024K, 21 young (21504K), 1 survivors (1024K)
 Metaspace       used 53979K, capacity 55479K, committed 57168K, reserved 1099776K
  class space    used 5906K, capacity 6464K, committed 6912K, reserved 1048576K
}
Event: 3723.311 GC heap after
{Heap after GC invocations=137 (full 5):
 garbage-first heap   total 51200K, used 22413K [0x0000000081c00000, 0x0000000100000000)
  region size 1024K, 1 young (1024K), 1 survivors (1024K)
 Metaspace       used 53979K, capacity 55479K, committed 57168K, reserved 1099776K
  class space    used 5906K, capacity 6464K, committed 6912K, reserved 1048576K
}
Event: 3821.752 GC heap before
{Heap before GC invocations=138 (full 5):
 garbage-first heap   total 51200K, used 42893K [0x0000000081c00000, 0x0000000100000000)
  region size 1024K, 21 young (21504K), 1 survivors (1024K)
 Metaspace       used 53843K, capacity 55269K, committed 57168K, reserved 1099776K
  class space    used 5886K, capacity 6428K, committed 6912K, reserved 1048576K
}
Event: 3821.755 GC heap after
{Heap after GC invocations=139 (full 5):
 garbage-first heap   total 51200K, used 22412K [0x0000000081c00000, 0x0000000100000000)
  region size 1024K, 1 young (1024K), 1 survivors (1024K)
 Metaspace       used 53843K, capacity 55269K, committed 57168K, reserved 1099776K
  class space    used 5886K, capacity 6428K, committed 6912K, reserved 1048576K
}
Event: 3825.887 GC heap before
{Heap before GC invocations=139 (full 5):
 garbage-first heap   total 51200K, used 23436K [0x0000000081c00000, 0x0000000100000000)
  region size 1024K, 2 young (2048K), 1 survivors (1024K)
 Metaspace       used 53843K, capacity 55269K, committed 57168K, reserved 1099776K
  class space    used 5886K, capacity 6428K, committed 6912K, reserved 1048576K
}
Event: 3825.891 GC heap after
{Heap after GC invocations=140 (full 5):
 garbage-first heap   total 51200K, used 21379K [0x0000000081c00000, 0x0000000100000000)
  region size 1024K, 1 young (1024K), 1 survivors (1024K)
 Metaspace       used 53843K, capacity 55269K, committed 57168K, reserved 1099776K
  class space    used 5886K, capacity 6428K, committed 6912K, reserved 1048576K
}
Event: 3924.535 GC heap before
{Heap before GC invocations=140 (full 5):
 garbage-first heap   total 51200K, used 41859K [0x0000000081c00000, 0x0000000100000000)
  region size 1024K, 21 young (21504K), 1 survivors (1024K)
 Metaspace       used 53843K, capacity 55269K, committed 57168K, reserved 1099776K
  class space    used 5886K, capacity 6428K, committed 6912K, reserved 1048576K
}
Event: 3924.538 GC heap after
{Heap after GC invocations=141 (full 5):
 garbage-first heap   total 51200K, used 21341K [0x0000000081c00000, 0x0000000100000000)
  region size 1024K, 1 young (1024K), 1 survivors (1024K)
 Metaspace       used 53843K, capacity 55269K, committed 57168K, reserved 1099776K
  class space    used 5886K, capacity 6428K, committed 6912K, reserved 1048576K
}
Event: 4023.175 GC heap before
{Heap before GC invocations=141 (full 5):
 garbage-first heap   total 51200K, used 41821K [0x0000000081c00000, 0x0000000100000000)
  region size 1024K, 21 young (21504K), 1 survivors (1024K)
 Metaspace       used 53845K, capacity 55269K, committed 57168K, reserved 1099776K
  class space    used 5886K, capacity 6428K, committed 6912K, reserved 1048576K
}
Event: 4023.177 GC heap after
{Heap after GC invocations=142 (full 5):
 garbage-first heap   total 51200K, used 21361K [0x0000000081c00000, 0x0000000100000000)
  region size 1024K, 1 young (1024K), 1 survivors (1024K)
 Metaspace       used 53845K, capacity 55269K, committed 57168K, reserved 1099776K
  class space    used 5886K, capacity 6428K, committed 6912K, reserved 1048576K
}

Deoptimization events (10 events):
Event: 1023.922 Thread 0x000002746a35f000 Uncommon trap: reason=profile_predicate action=maybe_recompile pc=0x000002745a408e5c method=org.springframework.core.annotation.TypeMappedAnnotation.asMap(Ljava/util/function/Function;[Lorg/springframework/core/annotation/MergedAnnotation$Adapt;)Ljava/uti
Event: 1024.144 Thread 0x000002746a35f000 Uncommon trap: reason=profile_predicate action=maybe_recompile pc=0x000002745a408e5c method=org.springframework.core.annotation.TypeMappedAnnotation.asMap(Ljava/util/function/Function;[Lorg/springframework/core/annotation/MergedAnnotation$Adapt;)Ljava/uti
Event: 1024.145 Thread 0x000002746a35f000 Uncommon trap: reason=profile_predicate action=maybe_recompile pc=0x000002745a408e5c method=org.springframework.core.annotation.TypeMappedAnnotation.asMap(Ljava/util/function/Function;[Lorg/springframework/core/annotation/MergedAnnotation$Adapt;)Ljava/uti
Event: 1563.997 Thread 0x000002746e98a000 Uncommon trap: reason=speculate_null_check action=make_not_entrant pc=0x000002745a79e5cc method=java.net.URLClassLoader.findClass(Ljava/lang/String;)Ljava/lang/Class; @ 33 c2
Event: 1564.504 Thread 0x000002746e97e800 Uncommon trap: reason=null_check action=make_not_entrant pc=0x000002745a5d2a4c method=java.lang.ThreadLocal$ThreadLocalMap.getEntryAfterMiss(Ljava/lang/ThreadLocal;ILjava/lang/ThreadLocal$ThreadLocalMap$Entry;)Ljava/lang/ThreadLocal$ThreadLocalMap$Entry; 
Event: 2105.496 Thread 0x000002746e97d800 Uncommon trap: reason=unstable_if action=reinterpret pc=0x000002745a792100 method=java.util.concurrent.ScheduledThreadPoolExecutor$ScheduledFutureTask.compareTo(Ljava/util/concurrent/Delayed;)I @ 40 c2
Event: 3337.892 Thread 0x000002746a35f000 Uncommon trap: reason=unstable_if action=reinterpret pc=0x000002745a805f94 method=java.util.concurrent.locks.AbstractQueuedSynchronizer$ConditionObject.addConditionWaiter()Ljava/util/concurrent/locks/AbstractQueuedSynchronizer$Node; @ 33 c2
Event: 4500.005 Thread 0x000002746e986800 Uncommon trap: reason=unstable_if action=reinterpret pc=0x000002745a796094 method=java.util.concurrent.TimeUnit.convert(JLjava/util/concurrent/TimeUnit;)J @ 8 c2
Event: 4523.283 Thread 0x000002746e986800 Uncommon trap: reason=null_check action=make_not_entrant pc=0x000002745a205168 method=java.lang.Class.reflectionData()Ljava/lang/Class$ReflectionData; @ 18 c2
Event: 4526.011 Thread 0x000002746e986800 Uncommon trap: reason=unstable_if action=reinterpret pc=0x000002745a0ec888 method=java.lang.StringCoding.encodeUTF8(B[BZ)[B @ 18 c2

Classes redefined (0 events):
No events

Internal exceptions (10 events):
Event: 1564.240 Thread 0x000002746e98a000 Implicit null exception at 0x0000027453327ad7 to 0x0000027453329762
Event: 1564.241 Thread 0x000002746e98a000 Exception <a 'java/lang/NullPointerException'{0x000000008410d370}> (0x000000008410d370) thrown at [t:/workspace/open/src/hotspot/share/runtime/sharedRuntime.cpp, line 585]
Event: 1564.244 Thread 0x000002746e98a000 Implicit null exception at 0x0000027453327ad7 to 0x0000027453329762
Event: 1564.244 Thread 0x000002746e98a000 Exception <a 'java/lang/NullPointerException'{0x0000000084138d10}> (0x0000000084138d10) thrown at [t:/workspace/open/src/hotspot/share/runtime/sharedRuntime.cpp, line 585]
Event: 1564.251 Thread 0x000002746e98a000 Implicit null exception at 0x0000027453327ad7 to 0x0000027453329762
Event: 1564.251 Thread 0x000002746e98a000 Exception <a 'java/lang/NullPointerException'{0x0000000084182520}> (0x0000000084182520) thrown at [t:/workspace/open/src/hotspot/share/runtime/sharedRuntime.cpp, line 585]
Event: 1564.254 Thread 0x000002746e98a000 Implicit null exception at 0x0000027453327ad7 to 0x0000027453329762
Event: 1564.254 Thread 0x000002746e98a000 Exception <a 'java/lang/NullPointerException'{0x00000000841b4358}> (0x00000000841b4358) thrown at [t:/workspace/open/src/hotspot/share/runtime/sharedRuntime.cpp, line 585]
Event: 1564.504 Thread 0x000002746e97e800 Implicit null exception at 0x000002745a5d2942 to 0x000002745a5d2a31
Event: 4523.283 Thread 0x000002746e986800 Implicit null exception at 0x000002745a204874 to 0x000002745a205152

Events (10 events):
Event: 4023.177 Executing VM operation: G1CollectForAllocation done
Event: 4258.103 Thread 0x000002746e986800 Uncommon trap: trap_request=0xffffff4d fr.pc=0x000002745a796094 relative=0x0000000000000154
Event: 4500.264 Thread 0x000002746e986800 DEOPT PACKING pc=0x000002745a796094 sp=0x000000dbc2ffedb0
Event: 4500.541 Thread 0x000002746e986800 DEOPT UNPACKING pc=0x0000027452619baf sp=0x000000dbc2ffed60 mode 2
Event: 4523.283 Thread 0x000002746e986800 Uncommon trap: trap_request=0xfffffff4 fr.pc=0x000002745a205168 relative=0x0000000000000968
Event: 4523.287 Thread 0x000002746e986800 DEOPT PACKING pc=0x000002745a205168 sp=0x000000dbc2ffd700
Event: 4523.288 Thread 0x000002746e986800 DEOPT UNPACKING pc=0x0000027452619baf sp=0x000000dbc2ffd6c0 mode 2
Event: 4525.556 Thread 0x000002746e986800 Uncommon trap: trap_request=0xffffff4d fr.pc=0x000002745a0ec888 relative=0x00000000000001c8
Event: 4526.011 Thread 0x000002746e986800 DEOPT PACKING pc=0x000002745a0ec888 sp=0x000000dbc2ffe880
Event: 4526.011 Thread 0x000002746e986800 DEOPT UNPACKING pc=0x0000027452619baf sp=0x000000dbc2ffe818 mode 2


Dynamic libraries:
0x00007ff7b3bb0000 - 0x00007ff7b3bbf000 	C:\Program Files\Java\jdk-12.0.1\bin\javaw.exe
0x00007ffb610a0000 - 0x00007ffb61290000 	C:\WINDOWS\SYSTEM32\ntdll.dll
0x00007ffb60ef0000 - 0x00007ffb60fa2000 	C:\WINDOWS\System32\KERNEL32.DLL
0x00007ffb5e300000 - 0x00007ffb5e5a4000 	C:\WINDOWS\System32\KERNELBASE.dll
0x00007ffb5e5b0000 - 0x00007ffb5e6aa000 	C:\WINDOWS\System32\ucrtbase.dll
0x00007ffb0c470000 - 0x00007ffb0c486000 	C:\Program Files\Java\jdk-12.0.1\bin\VCRUNTIME140.dll
0x00007ffb0ccb0000 - 0x00007ffb0ccc8000 	C:\Program Files\Java\jdk-12.0.1\bin\jli.dll
0x00007ffb60fb0000 - 0x00007ffb61053000 	C:\WINDOWS\System32\ADVAPI32.dll
0x00007ffb5f840000 - 0x00007ffb5f8de000 	C:\WINDOWS\System32\msvcrt.dll
0x00007ffb5fea0000 - 0x00007ffb5ff37000 	C:\WINDOWS\System32\sechost.dll
0x00007ffb60d50000 - 0x00007ffb60e70000 	C:\WINDOWS\System32\RPCRT4.dll
0x00007ffb5f9a0000 - 0x00007ffb5fb34000 	C:\WINDOWS\System32\USER32.dll
0x00007ffb5e2a0000 - 0x00007ffb5e2c1000 	C:\WINDOWS\System32\win32u.dll
0x00007ffb4f8a0000 - 0x00007ffb4fb24000 	C:\WINDOWS\WinSxS\amd64_microsoft.windows.common-controls_6595b64144ccf1df_6.0.18362.959_none_e6c7bbbf130c62bb\COMCTL32.dll
0x00007ffb5ff40000 - 0x00007ffb5ff66000 	C:\WINDOWS\System32\GDI32.dll
0x00007ffb603e0000 - 0x00007ffb60715000 	C:\WINDOWS\System32\combase.dll
0x00007ffb5e7b0000 - 0x00007ffb5e946000 	C:\WINDOWS\System32\gdi32full.dll
0x00007ffb5e220000 - 0x00007ffb5e2a0000 	C:\WINDOWS\System32\bcryptPrimitives.dll
0x00007ffb5e710000 - 0x00007ffb5e7ae000 	C:\WINDOWS\System32\msvcp_win.dll
0x00007ffb57110000 - 0x00007ffb5711a000 	C:\WINDOWS\SYSTEM32\VERSION.dll
0x00007ffb600c0000 - 0x00007ffb600ee000 	C:\WINDOWS\System32\IMM32.DLL
0x00007ffb02880000 - 0x00007ffb0292a000 	C:\Program Files\Java\jdk-12.0.1\bin\msvcp140.dll
0x00007ffb00890000 - 0x00007ffb01404000 	C:\Program Files\Java\jdk-12.0.1\bin\server\jvm.dll
0x00007ffb600b0000 - 0x00007ffb600b8000 	C:\WINDOWS\System32\PSAPI.DLL
0x00007ffb50ee0000 - 0x00007ffb50ee9000 	C:\WINDOWS\SYSTEM32\WSOCK32.dll
0x00007ffb5a0f0000 - 0x00007ffb5a114000 	C:\WINDOWS\SYSTEM32\WINMM.dll
0x00007ffb5ff70000 - 0x00007ffb5ffdf000 	C:\WINDOWS\System32\WS2_32.dll
0x00007ffb59eb0000 - 0x00007ffb59edd000 	C:\WINDOWS\SYSTEM32\WINMMBASE.dll
0x00007ffb5f100000 - 0x00007ffb5f14a000 	C:\WINDOWS\System32\cfgmgr32.dll
0x00007ffb5dfb0000 - 0x00007ffb5dfc1000 	C:\WINDOWS\System32\kernel.appcore.dll
0x00007ffb2a4a0000 - 0x00007ffb2a4b1000 	C:\Program Files\Java\jdk-12.0.1\bin\verify.dll
0x00007ffb5cb80000 - 0x00007ffb5cd74000 	C:\WINDOWS\SYSTEM32\DBGHELP.DLL
0x00007ffb469b0000 - 0x00007ffb469da000 	C:\WINDOWS\SYSTEM32\dbgcore.DLL
0x00007ffb1cfc0000 - 0x00007ffb1cfe6000 	C:\Program Files\Java\jdk-12.0.1\bin\java.dll
0x00007ffb27990000 - 0x00007ffb279a7000 	C:\Program Files\Java\jdk-12.0.1\bin\zip.dll
0x00007ffb50e70000 - 0x00007ffb50e7a000 	C:\Program Files\Java\jdk-12.0.1\bin\jimage.dll
0x00007ffb5f150000 - 0x00007ffb5f836000 	C:\WINDOWS\System32\SHELL32.dll
0x00007ffb5f8e0000 - 0x00007ffb5f989000 	C:\WINDOWS\System32\shcore.dll
0x00007ffb5e950000 - 0x00007ffb5f0d2000 	C:\WINDOWS\System32\windows.storage.dll
0x00007ffb5dfd0000 - 0x00007ffb5dff3000 	C:\WINDOWS\System32\profapi.dll
0x00007ffb5df60000 - 0x00007ffb5dfaa000 	C:\WINDOWS\System32\powrprof.dll
0x00007ffb5df50000 - 0x00007ffb5df60000 	C:\WINDOWS\System32\UMPDC.dll
0x00007ffb5fb40000 - 0x00007ffb5fb92000 	C:\WINDOWS\System32\shlwapi.dll
0x00007ffb5f0e0000 - 0x00007ffb5f0f7000 	C:\WINDOWS\System32\cryptsp.dll
0x00007ffb277d0000 - 0x00007ffb277e9000 	C:\Program Files\Java\jdk-12.0.1\bin\net.dll
0x00007ffb4eb30000 - 0x00007ffb4ed06000 	C:\WINDOWS\SYSTEM32\urlmon.dll
0x00007ffb567a0000 - 0x00007ffb56890000 	C:\WINDOWS\SYSTEM32\WINHTTP.dll
0x00007ffb50850000 - 0x00007ffb50af6000 	C:\WINDOWS\SYSTEM32\iertutil.dll
0x00007ffb5d930000 - 0x00007ffb5d93c000 	C:\WINDOWS\SYSTEM32\CRYPTBASE.DLL
0x00007ffb5d760000 - 0x00007ffb5d7c7000 	C:\WINDOWS\system32\mswsock.dll
0x00007ffb1f1e0000 - 0x00007ffb1f1f3000 	C:\Program Files\Java\jdk-12.0.1\bin\nio.dll
0x00007ffb4aa40000 - 0x00007ffb4aa49000 	C:\Program Files\Java\jdk-12.0.1\bin\management.dll
0x00007ffb498b0000 - 0x00007ffb498bc000 	C:\Program Files\Java\jdk-12.0.1\bin\management_ext.dll
0x00007ffb47620000 - 0x00007ffb47636000 	C:\WINDOWS\system32\napinsp.dll
0x00007ffb47600000 - 0x00007ffb4761a000 	C:\WINDOWS\system32\pnrpnsp.dll
0x00007ffb5d4b0000 - 0x00007ffb5d57b000 	C:\WINDOWS\SYSTEM32\DNSAPI.dll
0x00007ffb5f990000 - 0x00007ffb5f998000 	C:\WINDOWS\System32\NSI.dll
0x00007ffb5d470000 - 0x00007ffb5d4aa000 	C:\WINDOWS\SYSTEM32\IPHLPAPI.DLL
0x00007ffb477f0000 - 0x00007ffb477fe000 	C:\WINDOWS\System32\winrnr.dll
0x00007ffb5b4d0000 - 0x00007ffb5b4ec000 	C:\WINDOWS\system32\NLAapi.dll
0x00007ffb586c0000 - 0x00007ffb586d5000 	C:\WINDOWS\system32\wshbth.dll
0x00007ffb564d0000 - 0x00007ffb564da000 	C:\Windows\System32\rasadhlp.dll
0x00007ffb568f0000 - 0x00007ffb56967000 	C:\WINDOWS\System32\fwpuclnt.dll
0x00007ffb5e2d0000 - 0x00007ffb5e2f6000 	C:\WINDOWS\System32\bcrypt.dll
0x00007ffb5d2d0000 - 0x00007ffb5d303000 	C:\WINDOWS\system32\rsaenh.dll
0x00007ffb5de70000 - 0x00007ffb5de95000 	C:\WINDOWS\SYSTEM32\USERENV.dll
0x00007ffb56a80000 - 0x00007ffb56a96000 	C:\WINDOWS\SYSTEM32\dhcpcsvc6.DLL
0x00007ffb56ac0000 - 0x00007ffb56adc000 	C:\WINDOWS\SYSTEM32\dhcpcsvc.DLL

dbghelp: loaded successfully - version: 4.0.5 - missing functions: none
symbol engine: initialized successfully - sym options: 0x614 - pdb path: .;C:\Program Files\Java\jdk-12.0.1\bin;C:\WINDOWS\SYSTEM32;C:\WINDOWS\WinSxS\amd64_microsoft.windows.common-controls_6595b64144ccf1df_6.0.18362.959_none_e6c7bbbf130c62bb;C:\Program Files\Java\jdk-12.0.1\bin\server

VM Arguments:
jvm_args: -Dfile.encoding=UTF-8 
java_command: com.cognizant.RecycleManagementSystemApplication
java_class_path (initial): C:\Users\ANMOL\Desktop\ANMOL\Cognizant\NFRP Project\recycle-management-system\target\classes;C:\Users\ANMOL\Desktop\ANMOL\Cognizant\mysql-connector-java-5.0.8-bin.jar;C:\Users\ANMOL\.m2\repository\org\springframework\boot\spring-boot-starter-data-jdbc\2.3.4.RELEASE\spring-boot-starter-data-jdbc-2.3.4.RELEASE.jar;C:\Users\ANMOL\.m2\repository\org\springframework\data\spring-data-jdbc\2.0.4.RELEASE\spring-data-jdbc-2.0.4.RELEASE.jar;C:\Users\ANMOL\.m2\repository\org\springframework\data\spring-data-relational\2.0.4.RELEASE\spring-data-relational-2.0.4.RELEASE.jar;C:\Users\ANMOL\.m2\repository\org\springframework\data\spring-data-commons\2.3.4.RELEASE\spring-data-commons-2.3.4.RELEASE.jar;C:\Users\ANMOL\.m2\repository\org\springframework\spring-context\5.2.9.RELEASE\spring-context-5.2.9.RELEASE.jar;C:\Users\ANMOL\.m2\repository\org\slf4j\slf4j-api\1.7.30\slf4j-api-1.7.30.jar;C:\Users\ANMOL\.m2\repository\org\springframework\boot\spring-boot-starter-web\2.3.4.RELEASE\spring-boot-starter-web-2.3.4.RELEASE.jar;C:\Users\ANMOL\.m2\repository\org\springframework\boot\spring-boot-starter\2.3.4.RELEASE\spring-boot-starter-2.3.4.RELEASE.jar;C:\Users\ANMOL\.m2\repository\org\springframework\boot\spring-boot-starter-logging\2.3.4.RELEASE\spring-boot-starter-logging-2.3.4.RELEASE.jar;C:\Users\ANMOL\.m2\repository\ch\qos\logback\logback-classic\1.2.3\logback-classic-1.2.3.jar;C:\Users\ANMOL\.m2\repository\ch\qos\logback\logback-core\1.2.3\logback-core-1.2.3.jar;C:\Users\ANMOL\.m2\repository\org\apache\logging\log4j\log4j-to-slf4j\2.13.3\log4j-to-slf4j-2.13.3.jar;C:\Users\ANMOL\.m2\repository\org\apache\logging\log4j\log4j-api\2.13.3\log4j-api-2.13.3.jar;C:\Users\ANMOL\.m2\repository\org\slf4j\jul-to-slf4j\1.7.30\jul-to-slf4j-1.7.30.jar;C:\Users\ANMOL\.m2\repository\jakarta\annotation\jakarta.annotation-api\1.3.5\jakarta.annotation-api-1.3.5.jar;C:\Users\ANMOL\.m2\repository\org\yaml\snakeyaml\1.26\snakeyaml-1.26.jar;C:\Users\ANMOL\.m2\repository\org\spr
Launcher Type: SUN_STANDARD

[Global flags]
     intx CICompilerCount                          = 4                                         {product} {ergonomic}
     uint ConcGCThreads                            = 2                                         {product} {ergonomic}
     uint G1ConcRefinementThreads                  = 8                                         {product} {ergonomic}
   size_t G1HeapRegionSize                         = 1048576                                   {product} {ergonomic}
    uintx GCDrainStackTargetSize                   = 64                                        {product} {ergonomic}
   size_t InitialHeapSize                          = 134217728                                 {product} {ergonomic}
   size_t MarkStackSize                            = 4194304                                   {product} {ergonomic}
   size_t MaxHeapSize                              = 2118123520                                {product} {ergonomic}
   size_t MaxNewSize                               = 1270874112                                {product} {ergonomic}
   size_t MinHeapDeltaBytes                        = 1048576                                   {product} {ergonomic}
    uintx NonNMethodCodeHeapSize                   = 5836300                                {pd product} {ergonomic}
    uintx NonProfiledCodeHeapSize                  = 122910970                              {pd product} {ergonomic}
    uintx ProfiledCodeHeapSize                     = 122910970                              {pd product} {ergonomic}
    uintx ReservedCodeCacheSize                    = 251658240                              {pd product} {ergonomic}
     bool SegmentedCodeCache                       = true                                      {product} {ergonomic}
     bool UseCompressedClassPointers               = true                                 {lp64_product} {ergonomic}
     bool UseCompressedOops                        = true                                 {lp64_product} {ergonomic}
     bool UseG1GC                                  = true                                      {product} {ergonomic}
     bool UseLargePagesIndividualAllocation        = false                                  {pd product} {ergonomic}

Logging:
Log output configuration:
 #0: stdout all=warning uptime,level,tags
 #1: stderr all=off uptime,level,tags

Environment Variables:
PATH=C:/Program Files/Java/jdk-12.0.1/bin/server;C:/Program Files/Java/jdk-12.0.1/bin;C:\Program Files (x86)\Intel\Intel(R) Management Engine Components\iCLS\;C:\Program Files\Intel\Intel(R) Management Engine Components\iCLS\;C:\Windows\system32;C:\Windows;C:\Windows\System32\Wbem;C:\Windows\System32\WindowsPowerShell\v1.0\;C:\Windows\System32\OpenSSH\;C:\Program Files (x86)\NVIDIA Corporation\PhysX\Common;C:\Program Files (x86)\Intel\Intel(R) Management Engine Components\DAL;C:\Program Files\Intel\Intel(R) Management Engine Components\DAL;C:\Program Files (x86)\Intel\Intel(R) Management Engine Components\IPT;C:\Program Files\Intel\Intel(R) Management Engine Components\IPT;C:\Program Files\Intel\WiFi\bin\;C:\Program Files\Common Files\Intel\WirelessCommon\;C:\Program Files\dotnet\;C:\Program Files\Microsoft SQL Server\130\Tools\Binn\;C:\Program Files\MySQL\MySQL Utilities 1.6\;C:\Program Files (x86)\PuTTY\;C:\Program Files\Git\cmd;C:\wamp64\bin\php\php5.6.40;C:\ProgramData\ComposerSetup\bin;C:\Program Files\Java\jdk-12.0.1\bin;C:\Program Files\nodejs\;C:\WINDOWS\system32;C:\WINDOWS;C:\WINDOWS\System32\Wbem;C:\WINDOWS\System32\WindowsPowerShell\v1.0\;C:\WINDOWS\System32\OpenSSH\;C:\Users\ANMOL\AppData\Roaming\npm;C:\Users\ANMOL\AppData\Local\Programs\Python\Python36;C:\Program Files\MySQL\MySQL Shell 8.0\bin\;C:\Users\ANMOL\Desktop\KidAptivity\FaceDetect-master;C:\Users\ANMOL\AppData\Local\Microsoft\WindowsApps;C:\Users\ANMOL\AppData\Local\atom\bin;C:\WINDOWS\System32;
USERNAME=ANMOL
OS=Windows_NT
PROCESSOR_IDENTIFIER=Intel64 Family 6 Model 142 Stepping 10, GenuineIntel



---------------  S Y S T E M  ---------------

OS: Windows 10 , 64 bit Build 18362 (10.0.18362.959)

CPU:total 8 (initial active 8) (4 cores per cpu, 2 threads per core) family 6 model 142 stepping 10, cmov, cx8, fxsr, mmx, sse, sse2, sse3, ssse3, sse4.1, sse4.2, popcnt, avx, avx2, aes, clmul, erms, 3dnowpref, lzcnt, ht, tsc, tscinvbit, bmi1, bmi2, adx, fma

Memory: 4k page, system-wide physical 8073M (1193M free)
TotalPageFile size 20054M (AvailPageFile size 58M)
current process WorkingSet (physical memory assigned to process): 29M, peak: 268M
current process commit charge ("private bytes"): 243M, peak: 302M

vm_info: Java HotSpot(TM) 64-Bit Server VM (12.0.1+12) for windows-amd64 JRE (12.0.1+12), built on Apr  2 2019 14:02:19 by "mach5one" with MS VC++ 15.5 (VS2017)

END.
